2026-02-09T02:08:24.215Z [console][log] [vite] connecting...
2026-02-09T02:08:24.598Z [console][log] [vite] connected.
2026-02-09T02:08:24.766Z [console][warn] %cDownload the React DevTools for a better development experience: https://reactjs.org/link/react-devtools font-weight:bold
2026-02-09T02:08:24.923Z [console][error] ⚠️ React Router Future Flag Warning: React Router will begin wrapping state updates in `React.startTransition` in v7. You can use the `v7_startTransition` future flag to opt-in early. For more information, see https://reactrouter.com/v6/upgrading/future#v7_starttransition.
2026-02-09T02:08:24.924Z [console][error] ⚠️ React Router Future Flag Warning: Relative route resolution within Splat routes is changing in v7. You can use the `v7_relativeSplatPath` future flag to opt-in early. For more information, see https://reactrouter.com/v6/upgrading/future#v7_relativesplatpath.
2026-02-09T02:08:41.956Z [console][log] __ORCHIDS_NAVIGATE__ http://localhost:5173/dashboard
2026-02-09T02:08:42.053Z [console][log] [vite] connecting...
2026-02-09T02:08:42.070Z [console][log] [vite] connected.
2026-02-09T02:08:42.087Z [console][warn] %cDownload the React DevTools for a better development experience: https://reactjs.org/link/react-devtools font-weight:bold
2026-02-09T02:08:42.159Z [console][error] ⚠️ React Router Future Flag Warning: React Router will begin wrapping state updates in `React.startTransition` in v7. You can use the `v7_startTransition` future flag to opt-in early. For more information, see https://reactrouter.com/v6/upgrading/future#v7_starttransition.
2026-02-09T02:08:42.160Z [console][error] ⚠️ React Router Future Flag Warning: Relative route resolution within Splat routes is changing in v7. You can use the `v7_relativeSplatPath` future flag to opt-in early. For more information, see https://reactrouter.com/v6/upgrading/future#v7_relativesplatpath.
2026-02-09T02:08:42.158Z [console][warn] ⚠️ React Router Future Flag Warning: React Router will begin wrapping state updates in `React.startTransition` in v7. You can use the `v7_startTransition` future flag to opt-in early. For more information, see https://reactrouter.com/v6/upgrading/future#v7_starttransition.
2026-02-09T02:08:42.159Z [console][warn] ⚠️ React Router Future Flag Warning: Relative route resolution within Splat routes is changing in v7. You can use the `v7_relativeSplatPath` future flag to opt-in early. For more information, see https://reactrouter.com/v6/upgrading/future#v7_relativesplatpath.
2026-02-09T02:08:42.198Z [network][GET 200] http://localhost:5000/api/knowledge?sort=newest
  response: [{"_id":"f4cdf9c09564d63de8cdfa0b","title":"React Hooks Guide","content":"React hooks are functions that let you use state and lifecycle features in functional components. useState manages local state. useEffect handles side effects like data fetching. useCallback and useMemo optimize performance by memoizing values and functions.","url":"","tags":["react","javascript","frontend"],"aiTags":[],"summary":"React hooks are functions that let you use state and lifecycle features in functional components. useState manages local state. useEffect handles side effects like data fetching. useCallback and useMe...","createdAt":"2026-02-09T02:08:38.294Z","updatedAt":"2026-02-09T02:08:38.294Z"},{"_id":"040c9f092d5a158bbdbd468e","title":"MongoDB Indexing Strategies","content":"MongoDB indexes support the efficient execution of queries. Without indexes, MongoDB must perform a full collection scan. Common index types include single field, compound, multikey, text, and geospatial. Use compound indexes for queries that filter on multiple fields. The ESR rule (Equality, Sort, Range) helps optimize compound index field order.","url":"","tags":["mongodb","database"],"aiTags":[],"summary":"MongoDB indexes support the efficient execution of queries. Without indexes, MongoDB must perform a full collection scan. Common index types include single field, compound, multikey, text, and geospat...","createdAt":"2026-02-09T02:08:21.867Z","updatedAt":"2026-02-09T02:08:21.867Z"},{"_id":"00532995058f59feec82f6a5","title":"CSS Grid vs Flexbox","content":"CSS Grid is a two-dimensional layout system for the web. It handles both columns and rows. Flexbox is one-dimensional and works either in a row or column. Use Grid for page layouts, Flexbox for component layouts. Grid is better for complex 2D layouts while Flexbox excels at distributing space along a single axis.","url":"","tags":["css","web-design"],"aiTags":[],"summary":"CSS Grid is a two-dimensional layout system for the web. It handles both colum... [truncated]
2026-02-09T02:08:42.217Z [network][GET 200] http://localhost:5000/api/knowledge?sort=newest
  response: [{"_id":"f4cdf9c09564d63de8cdfa0b","title":"React Hooks Guide","content":"React hooks are functions that let you use state and lifecycle features in functional components. useState manages local state. useEffect handles side effects like data fetching. useCallback and useMemo optimize performance by memoizing values and functions.","url":"","tags":["react","javascript","frontend"],"aiTags":[],"summary":"React hooks are functions that let you use state and lifecycle features in functional components. useState manages local state. useEffect handles side effects like data fetching. useCallback and useMe...","createdAt":"2026-02-09T02:08:38.294Z","updatedAt":"2026-02-09T02:08:38.294Z"},{"_id":"040c9f092d5a158bbdbd468e","title":"MongoDB Indexing Strategies","content":"MongoDB indexes support the efficient execution of queries. Without indexes, MongoDB must perform a full collection scan. Common index types include single field, compound, multikey, text, and geospatial. Use compound indexes for queries that filter on multiple fields. The ESR rule (Equality, Sort, Range) helps optimize compound index field order.","url":"","tags":["mongodb","database"],"aiTags":[],"summary":"MongoDB indexes support the efficient execution of queries. Without indexes, MongoDB must perform a full collection scan. Common index types include single field, compound, multikey, text, and geospat...","createdAt":"2026-02-09T02:08:21.867Z","updatedAt":"2026-02-09T02:08:21.867Z"},{"_id":"00532995058f59feec82f6a5","title":"CSS Grid vs Flexbox","content":"CSS Grid is a two-dimensional layout system for the web. It handles both columns and rows. Flexbox is one-dimensional and works either in a row or column. Use Grid for page layouts, Flexbox for component layouts. Grid is better for complex 2D layouts while Flexbox excels at distributing space along a single axis.","url":"","tags":["css","web-design"],"aiTags":[],"summary":"CSS Grid is a two-dimensional layout system for the web. It handles both colum... [truncated]
2026-02-09T05:29:23.481Z [console][log] [vite] connecting...
2026-02-09T05:29:23.526Z [console][log] [vite] connecting...
2026-02-09T05:29:23.567Z [console][log] [vite] connected.
2026-02-09T05:29:23.998Z [console][log] [vite] connecting...
2026-02-09T05:29:24.035Z [console][log] [vite] connected.
2026-02-09T05:29:24.036Z [console][debug] [vite] connected.
2026-02-09T05:29:23.481Z [console][log] [vite] connecting...
2026-02-09T05:29:23.526Z [console][log] [vite] connecting...
2026-02-09T05:29:23.567Z [console][log] [vite] connected.
2026-02-09T05:29:23.998Z [console][log] [vite] connecting...
2026-02-09T05:29:24.035Z [console][log] [vite] connected.
2026-02-09T05:29:31.975Z [console][log] [vite] connecting...
2026-02-09T05:29:32.012Z [console][log] [vite] connected.
2026-02-09T06:39:17.605Z [console][warn] %cDownload the React DevTools for a better development experience: https://reactjs.org/link/react-devtools font-weight:bold
2026-02-09T06:39:17.673Z [console][error] ⚠️ React Router Future Flag Warning: React Router will begin wrapping state updates in `React.startTransition` in v7. You can use the `v7_startTransition` future flag to opt-in early. For more information, see https://reactrouter.com/v6/upgrading/future#v7_starttransition.
2026-02-09T06:39:17.674Z [console][error] ⚠️ React Router Future Flag Warning: Relative route resolution within Splat routes is changing in v7. You can use the `v7_relativeSplatPath` future flag to opt-in early. For more information, see https://reactrouter.com/v6/upgrading/future#v7_relativesplatpath.
2026-02-09T06:39:27.447Z [console][log] [vite] connecting...
2026-02-09T06:39:27.459Z [console][log] [vite] connected.
2026-02-09T06:39:27.495Z [console][warn] %cDownload the React DevTools for a better development experience: https://reactjs.org/link/react-devtools font-weight:bold
2026-02-09T06:39:27.523Z [console][error] ⚠️ React Router Future Flag Warning: React Router will begin wrapping state updates in `React.startTransition` in v7. You can use the `v7_startTransition` future flag to opt-in early. For more information, see https://reactrouter.com/v6/upgrading/future#v7_starttransition.
2026-02-09T06:39:27.523Z [console][error] ⚠️ React Router Future Flag Warning: Relative route resolution within Splat routes is changing in v7. You can use the `v7_relativeSplatPath` future flag to opt-in early. For more information, see https://reactrouter.com/v6/upgrading/future#v7_relativesplatpath.
2026-02-09T06:39:27.924Z [console][log] [vite] connecting...
2026-02-09T06:39:27.934Z [console][log] [vite] connected.
2026-02-09T06:39:28.007Z [console][warn] %cDownload the React DevTools for a better development experience: https://reactjs.org/link/react-devtools font-weight:bold
2026-02-09T06:39:28.054Z [console][error] ⚠️ React Router Future Flag Warning: React Router will begin wrapping state updates in `React.startTransition` in v7. You can use the `v7_startTransition` future flag to opt-in early. For more information, see https://reactrouter.com/v6/upgrading/future#v7_starttransition.
2026-02-09T06:39:28.054Z [console][error] ⚠️ React Router Future Flag Warning: Relative route resolution within Splat routes is changing in v7. You can use the `v7_relativeSplatPath` future flag to opt-in early. For more information, see https://reactrouter.com/v6/upgrading/future#v7_relativesplatpath.
2026-02-09T06:39:28.120Z [console][log] [vite] connecting...
2026-02-09T06:39:28.129Z [console][log] [vite] connected.
2026-02-09T06:39:28.162Z [console][warn] %cDownload the React DevTools for a better development experience: https://reactjs.org/link/react-devtools font-weight:bold
2026-02-09T06:39:28.194Z [console][error] ⚠️ React Router Future Flag Warning: React Router will begin wrapping state updates in `React.startTransition` in v7. You can use the `v7_startTransition` future flag to opt-in early. For more information, see https://reactrouter.com/v6/upgrading/future#v7_starttransition.
2026-02-09T06:39:28.194Z [console][error] ⚠️ React Router Future Flag Warning: Relative route resolution within Splat routes is changing in v7. You can use the `v7_relativeSplatPath` future flag to opt-in early. For more information, see https://reactrouter.com/v6/upgrading/future#v7_relativesplatpath.
2026-02-09T06:39:28.293Z [console][log] [vite] connecting...
2026-02-09T06:39:28.302Z [console][log] [vite] connected.
2026-02-09T06:39:28.339Z [console][warn] %cDownload the React DevTools for a better development experience: https://reactjs.org/link/react-devtools font-weight:bold
2026-02-09T06:39:28.371Z [console][error] ⚠️ React Router Future Flag Warning: React Router will begin wrapping state updates in `React.startTransition` in v7. You can use the `v7_startTransition` future flag to opt-in early. For more information, see https://reactrouter.com/v6/upgrading/future#v7_starttransition.
2026-02-09T06:39:28.371Z [console][error] ⚠️ React Router Future Flag Warning: Relative route resolution within Splat routes is changing in v7. You can use the `v7_relativeSplatPath` future flag to opt-in early. For more information, see https://reactrouter.com/v6/upgrading/future#v7_relativesplatpath.
2026-02-09T06:39:28.473Z [console][log] [vite] connecting...
2026-02-09T06:39:28.481Z [console][log] [vite] connected.
2026-02-09T06:39:28.511Z [console][warn] %cDownload the React DevTools for a better development experience: https://reactjs.org/link/react-devtools font-weight:bold
2026-02-09T06:39:28.541Z [console][error] ⚠️ React Router Future Flag Warning: React Router will begin wrapping state updates in `React.startTransition` in v7. You can use the `v7_startTransition` future flag to opt-in early. For more information, see https://reactrouter.com/v6/upgrading/future#v7_starttransition.
2026-02-09T06:39:28.541Z [console][error] ⚠️ React Router Future Flag Warning: Relative route resolution within Splat routes is changing in v7. You can use the `v7_relativeSplatPath` future flag to opt-in early. For more information, see https://reactrouter.com/v6/upgrading/future#v7_relativesplatpath.
2026-02-09T06:39:28.542Z [console][warn] ⚠️ React Router Future Flag Warning: React Router will begin wrapping state updates in `React.startTransition` in v7. You can use the `v7_startTransition` future flag to opt-in early. For more information, see https://reactrouter.com/v6/upgrading/future#v7_starttransition.
2026-02-09T06:39:28.542Z [console][warn] ⚠️ React Router Future Flag Warning: Relative route resolution within Splat routes is changing in v7. You can use the `v7_relativeSplatPath` future flag to opt-in early. For more information, see https://reactrouter.com/v6/upgrading/future#v7_relativesplatpath.
